c:\users\hp laptop\desktop\loadbalancer-ikp\loadbalancer\loadbalancer\x64\debug\vc143.pdb
c:\users\hp laptop\desktop\loadbalancer-ikp\loadbalancer\loadbalancer\x64\debug\vc143.idb
c:\users\hp laptop\desktop\loadbalancer-ikp\loadbalancer\loadbalancer\x64\debug\server.obj
c:\users\hp laptop\desktop\loadbalancer-ikp\loadbalancer\loadbalancer\x64\debug\loadbalancer.obj
c:\users\hp laptop\desktop\loadbalancer-ikp\loadbalancer\loadbalancer\x64\debug\loadbalancer.ilk
c:\users\hp laptop\desktop\loadbalancer-ikp\loadbalancer\loadbalancer\x64\debug\worker.obj
c:\users\hp laptop\desktop\loadbalancer-ikp\loadbalancer\x64\debug\loadbalancer.pdb
c:\users\hp laptop\desktop\loadbalancer-ikp\loadbalancer\loadbalancer\x64\debug\loadbalancer.tlog\cl.command.1.tlog
c:\users\hp laptop\desktop\loadbalancer-ikp\loadbalancer\loadbalancer\x64\debug\loadbalancer.tlog\cl.items.tlog
c:\users\hp laptop\desktop\loadbalancer-ikp\loadbalancer\loadbalancer\x64\debug\loadbalancer.tlog\cl.read.1.tlog
c:\users\hp laptop\desktop\loadbalancer-ikp\loadbalancer\loadbalancer\x64\debug\loadbalancer.tlog\cl.write.1.tlog
c:\users\hp laptop\desktop\loadbalancer-ikp\loadbalancer\loadbalancer\x64\debug\loadbalancer.tlog\link-cvtres.read.1.tlog
c:\users\hp laptop\desktop\loadbalancer-ikp\loadbalancer\loadbalancer\x64\debug\loadbalancer.tlog\link-cvtres.write.1.tlog
c:\users\hp laptop\desktop\loadbalancer-ikp\loadbalancer\loadbalancer\x64\debug\loadbalancer.tlog\link-rc.read.1.tlog
c:\users\hp laptop\desktop\loadbalancer-ikp\loadbalancer\loadbalancer\x64\debug\loadbalancer.tlog\link-rc.write.1.tlog
c:\users\hp laptop\desktop\loadbalancer-ikp\loadbalancer\loadbalancer\x64\debug\loadbalancer.tlog\link.17064-cvtres.read.1.tlog
c:\users\hp laptop\desktop\loadbalancer-ikp\loadbalancer\loadbalancer\x64\debug\loadbalancer.tlog\link.17064-cvtres.write.1.tlog
c:\users\hp laptop\desktop\loadbalancer-ikp\loadbalancer\loadbalancer\x64\debug\loadbalancer.tlog\link.17064-rc.read.1.tlog
c:\users\hp laptop\desktop\loadbalancer-ikp\loadbalancer\loadbalancer\x64\debug\loadbalancer.tlog\link.17064-rc.write.1.tlog
c:\users\hp laptop\desktop\loadbalancer-ikp\loadbalancer\loadbalancer\x64\debug\loadbalancer.tlog\link.17064.read.1.tlog
c:\users\hp laptop\desktop\loadbalancer-ikp\loadbalancer\loadbalancer\x64\debug\loadbalancer.tlog\link.17064.read.2.tlog
c:\users\hp laptop\desktop\loadbalancer-ikp\loadbalancer\loadbalancer\x64\debug\loadbalancer.tlog\link.17064.write.1.tlog
c:\users\hp laptop\desktop\loadbalancer-ikp\loadbalancer\loadbalancer\x64\debug\loadbalancer.tlog\link.command.1.tlog
c:\users\hp laptop\desktop\loadbalancer-ikp\loadbalancer\loadbalancer\x64\debug\loadbalancer.tlog\link.read.1.tlog
c:\users\hp laptop\desktop\loadbalancer-ikp\loadbalancer\loadbalancer\x64\debug\loadbalancer.tlog\link.read.2.tlog
c:\users\hp laptop\desktop\loadbalancer-ikp\loadbalancer\loadbalancer\x64\debug\loadbalancer.tlog\link.secondary.1.tlog
c:\users\hp laptop\desktop\loadbalancer-ikp\loadbalancer\loadbalancer\x64\debug\loadbalancer.tlog\link.write.1.tlog
